Using pre-set license
Built from '2020.3/staging' branch; Version is '2020.3.10f1 (297d780c91bc) revision 2719096'; Using compiler version '192528614'; Build Type 'Release'
OS: 'Windows 10 Pro; OS build 18363.1016; Version 1909; 64bit' Language: 'en' Physical Memory: 16322 MB
BatchMode: 1, IsHumanControllingUs: 0, StartBugReporterOnCrash: 0, Is64bit: 1, IsPro: 0

 COMMAND LINE ARGUMENTS:
C:\Program Files\Unity\2020.3.10f1\Editor\Unity.exe
-adb2
-batchMode
-noUpm
-name
AssetImportWorker0
-projectPath
C:/Users/tygo/Desktop/Sintlucas/GD/Unity/ProjectApplied
-logFile
Logs/AssetImportWorker0.log
-srvPort
63730
Successfully changed project path to: C:/Users/tygo/Desktop/Sintlucas/GD/Unity/ProjectApplied
C:/Users/tygo/Desktop/Sintlucas/GD/Unity/ProjectApplied
Using Asset Import Pipeline V2.
Refreshing native plugins compatible for Editor in 35.90 ms, found 3 plugins.
Preloading 0 native plugins for Editor in 0.00 ms.
Initialize engine version: 2020.3.10f1 (297d780c91bc)
[Subsystems] Discovering subsystems at path C:/Program Files/Unity/2020.3.10f1/Editor/Data/Resources/UnitySubsystems
[Subsystems] Discovering subsystems at path C:/Users/tygo/Desktop/Sintlucas/GD/Unity/ProjectApplied/Assets
GfxDevice: creating device client; threaded=0
Direct3D:
    Version:  Direct3D 11.0 [level 11.1]
    Renderer: NVIDIA GeForce RTX 2070 (ID=0x1f02)
    Vendor:   
    VRAM:     8031 MB
    Driver:   27.21.14.6611
Initialize mono
Mono path[0] = 'C:/Program Files/Unity/2020.3.10f1/Editor/Data/Managed'
Mono path[1] = 'C:/Program Files/Unity/2020.3.10f1/Editor/Data/MonoBleedingEdge/lib/mono/unityjit'
Mono config path = 'C:/Program Files/Unity/2020.3.10f1/Editor/Data/MonoBleedingEdge/etc'
Using monoOptions --debugger-agent=transport=dt_socket,embedding=1,server=y,suspend=n,address=127.0.0.1:56416
Begin MonoManager ReloadAssembly
Registering precompiled unity dll's ...
Register platform support module: C:/Program Files/Unity/2020.3.10f1/Editor/Data/PlaybackEngines/WebGLSupport/UnityEditor.WebGL.Extensions.dll
Register platform support module: C:/Program Files/Unity/2020.3.10f1/Editor/Data/PlaybackEngines/WindowsStandaloneSupport/UnityEditor.WindowsStandalone.Extensions.dll
Registered in 0.002199 seconds.
Native extension for WindowsStandalone target not found
Native extension for WebGL target not found
Refreshing native plugins compatible for Editor in 33.83 ms, found 3 plugins.
Preloading 0 native plugins for Editor in 0.00 ms.
Mono: successfully reloaded assembly
- Completed reload, in  0.998 seconds
Platform modules already initialized, skipping
Registering precompiled user dll's ...
Registered in 0.004296 seconds.
Begin MonoManager ReloadAssembly
Native extension for WindowsStandalone target not found
Native extension for WebGL target not found
Refreshing native plugins compatible for Editor in 34.97 ms, found 3 plugins.
Preloading 0 native plugins for Editor in 0.00 ms.
Mono: successfully reloaded assembly
- Completed reload, in  0.906 seconds
Platform modules already initialized, skipping
========================================================================
Worker process is ready to serve import requests
Launched and connected shader compiler UnityShaderCompiler.exe after 0.04 seconds
Refreshing native plugins compatible for Editor in 0.36 ms, found 3 plugins.
Preloading 0 native plugins for Editor in 0.00 ms.
Unloading 2094 Unused Serialized files (Serialized files now loaded: 0)
System memory in use before: 93.4 MB.
System memory in use after: 93.3 MB.

Unloading 33 unused Assets to reduce memory usage. Loaded Objects now: 2530.
Total: 1.761300 ms (FindLiveObjects: 0.138600 ms CreateObjectMapping: 0.055400 ms MarkObjects: 1.464800 ms  DeleteObjects: 0.101700 ms)

========================================================================
Received Import Request.
  path: Assets/Scenes/GoodPath/GetHelpFromAnthony.unity
  artifactKey: Guid(0d3eb82791db22e4385d7fcc8ebe95f6) Importer(815301076,1909f56bfc062723c751e8b465ee728b)
Start importing Assets/Scenes/GoodPath/GetHelpFromAnthony.unity using Guid(0d3eb82791db22e4385d7fcc8ebe95f6) Importer(815301076,1909f56bfc062723c751e8b465ee728b)  -> (artifact id: '59a5bf56b0d97f37bbd2b1a6d182a4d5') in 0.009678 seconds
  Import took 0.015751 seconds .

========================================================================
Received Import Request.
  Time since last request: 96.328161 seconds.
  path: Assets/Scenes/GoodPath/AnotherWay.unity
  artifactKey: Guid(a1274d792b43cc34cba0e7ab88ca4643) Importer(815301076,1909f56bfc062723c751e8b465ee728b)
Start importing Assets/Scenes/GoodPath/AnotherWay.unity using Guid(a1274d792b43cc34cba0e7ab88ca4643) Importer(815301076,1909f56bfc062723c751e8b465ee728b)  -> (artifact id: 'f96a3e97f02f945a53150419fe0d8613') in 0.002281 seconds
  Import took 0.005620 seconds .

========================================================================
Received Import Request.
  Time since last request: 2.764506 seconds.
  path: Assets/Scenes/GoodPath/Surrendered.unity
  artifactKey: Guid(aad929a9569769d4d98689db31b5d689) Importer(815301076,1909f56bfc062723c751e8b465ee728b)
Start importing Assets/Scenes/GoodPath/Surrendered.unity using Guid(aad929a9569769d4d98689db31b5d689) Importer(815301076,1909f56bfc062723c751e8b465ee728b)  -> (artifact id: '4864297056c1e08cffb6bfbd5cd5c8c5') in 0.002114 seconds
  Import took 0.005160 seconds .

========================================================================
Received Import Request.
  Time since last request: 1.548579 seconds.
  path: Assets/Scenes/GoodPath/WhyCantWe.unity
  artifactKey: Guid(e8563c8a7f01bff4c99a48016149d00c) Importer(815301076,1909f56bfc062723c751e8b465ee728b)
Start importing Assets/Scenes/GoodPath/WhyCantWe.unity using Guid(e8563c8a7f01bff4c99a48016149d00c) Importer(815301076,1909f56bfc062723c751e8b465ee728b)  -> (artifact id: '019306a003d39f12b22f1357abdbd6bd') in 0.002138 seconds
  Import took 0.005097 seconds .

========================================================================
Received Import Request.
  Time since last request: 1370.028556 seconds.
  path: Assets/ArtAssets/AntSprites/RedLautenant.png
  artifactKey: Guid(1772dc6cf0768974c96d5dda6a41290a) Importer(815301076,1909f56bfc062723c751e8b465ee728b)
Start importing Assets/ArtAssets/AntSprites/RedLautenant.png using Guid(1772dc6cf0768974c96d5dda6a41290a) Importer(815301076,1909f56bfc062723c751e8b465ee728b)  -> (artifact id: 'f91eb9cfa2cc68e478d61aa83adf13dd') in 0.082142 seconds
  Import took 0.085449 seconds .

========================================================================
Received Import Request.
  Time since last request: 5.676394 seconds.
  path: Assets/ArtAssets/AntSprites/RedLautenant.png
  artifactKey: Guid(1772dc6cf0768974c96d5dda6a41290a) Importer(815301076,1909f56bfc062723c751e8b465ee728b)
Start importing Assets/ArtAssets/AntSprites/RedLautenant.png using Guid(1772dc6cf0768974c96d5dda6a41290a) Importer(815301076,1909f56bfc062723c751e8b465ee728b)  -> (artifact id: '2b6087e29b1e569b87089e2f298acd1e') in 0.005761 seconds
  Import took 0.008720 seconds .

========================================================================
Received Prepare
Registering precompiled user dll's ...
Registered in 0.004411 seconds.
Begin MonoManager ReloadAssembly
Native extension for WindowsStandalone target not found
Native extension for WebGL target not found
Refreshing native plugins compatible for Editor in 0.39 ms, found 3 plugins.
Preloading 0 native plugins for Editor in 0.00 ms.
Mono: successfully reloaded assembly
- Completed reload, in  1.774 seconds
Platform modules already initialized, skipping
Refreshing native plugins compatible for Editor in 0.48 ms, found 3 plugins.
Preloading 0 native plugins for Editor in 0.00 ms.
Unloading 2089 Unused Serialized files (Serialized files now loaded: 0)
System memory in use before: 96.3 MB.
System memory in use after: 96.3 MB.

Unloading 21 unused Assets to reduce memory usage. Loaded Objects now: 2540.
Total: 1.899600 ms (FindLiveObjects: 0.151700 ms CreateObjectMapping: 0.064800 ms MarkObjects: 1.604400 ms  DeleteObjects: 0.077600 ms)

========================================================================
Received Prepare
Refreshing native plugins compatible for Editor in 4.13 ms, found 3 plugins.
Preloading 0 native plugins for Editor in 0.00 ms.
Unloading 19 Unused Serialized files (Serialized files now loaded: 0)
System memory in use before: 55.4 MB.
System memory in use after: 55.4 MB.

Unloading 19 unused Assets to reduce memory usage. Loaded Objects now: 2540.
Total: 1.790100 ms (FindLiveObjects: 0.135300 ms CreateObjectMapping: 0.059700 ms MarkObjects: 1.437500 ms  DeleteObjects: 0.155700 ms)

AssetImportWorkerClient::OnTransportError - code=2 error=End of file
