Using pre-set license
Built from '2020.3/staging' branch; Version is '2020.3.10f1 (297d780c91bc) revision 2719096'; Using compiler version '192528614'; Build Type 'Release'
OS: 'Windows 10 Pro; OS build 18363.1016; Version 1909; 64bit' Language: 'en' Physical Memory: 16322 MB
BatchMode: 1, IsHumanControllingUs: 0, StartBugReporterOnCrash: 0, Is64bit: 1, IsPro: 0

 COMMAND LINE ARGUMENTS:
C:\Program Files\Unity\2020.3.10f1\Editor\Unity.exe
-adb2
-batchMode
-noUpm
-name
AssetImportWorker0
-projectPath
C:/Users/tygo/Desktop/Sintlucas/GD/Unity/ProjectApplied
-logFile
Logs/AssetImportWorker0.log
-srvPort
50007
Successfully changed project path to: C:/Users/tygo/Desktop/Sintlucas/GD/Unity/ProjectApplied
C:/Users/tygo/Desktop/Sintlucas/GD/Unity/ProjectApplied
Using Asset Import Pipeline V2.
Refreshing native plugins compatible for Editor in 35.66 ms, found 3 plugins.
Preloading 0 native plugins for Editor in 0.00 ms.
Initialize engine version: 2020.3.10f1 (297d780c91bc)
[Subsystems] Discovering subsystems at path C:/Program Files/Unity/2020.3.10f1/Editor/Data/Resources/UnitySubsystems
[Subsystems] Discovering subsystems at path C:/Users/tygo/Desktop/Sintlucas/GD/Unity/ProjectApplied/Assets
GfxDevice: creating device client; threaded=0
Direct3D:
    Version:  Direct3D 11.0 [level 11.1]
    Renderer: NVIDIA GeForce RTX 2070 (ID=0x1f02)
    Vendor:   
    VRAM:     8031 MB
    Driver:   27.21.14.6611
Initialize mono
Mono path[0] = 'C:/Program Files/Unity/2020.3.10f1/Editor/Data/Managed'
Mono path[1] = 'C:/Program Files/Unity/2020.3.10f1/Editor/Data/MonoBleedingEdge/lib/mono/unityjit'
Mono config path = 'C:/Program Files/Unity/2020.3.10f1/Editor/Data/MonoBleedingEdge/etc'
Using monoOptions --debugger-agent=transport=dt_socket,embedding=1,server=y,suspend=n,address=127.0.0.1:56112
Begin MonoManager ReloadAssembly
Registering precompiled unity dll's ...
Register platform support module: C:/Program Files/Unity/2020.3.10f1/Editor/Data/PlaybackEngines/WindowsStandaloneSupport/UnityEditor.WindowsStandalone.Extensions.dll
Registered in 0.001838 seconds.
Native extension for WindowsStandalone target not found
Refreshing native plugins compatible for Editor in 32.23 ms, found 3 plugins.
Preloading 0 native plugins for Editor in 0.00 ms.
Mono: successfully reloaded assembly
- Completed reload, in  0.903 seconds
Platform modules already initialized, skipping
Registering precompiled user dll's ...
Registered in 0.004174 seconds.
Begin MonoManager ReloadAssembly
Native extension for WindowsStandalone target not found
Refreshing native plugins compatible for Editor in 32.64 ms, found 3 plugins.
Preloading 0 native plugins for Editor in 0.00 ms.
Mono: successfully reloaded assembly
- Completed reload, in  0.891 seconds
Platform modules already initialized, skipping
========================================================================
Worker process is ready to serve import requests
Launched and connected shader compiler UnityShaderCompiler.exe after 0.03 seconds
Refreshing native plugins compatible for Editor in 0.36 ms, found 3 plugins.
Preloading 0 native plugins for Editor in 0.00 ms.
Unloading 2093 Unused Serialized files (Serialized files now loaded: 0)
System memory in use before: 93.3 MB.
System memory in use after: 93.3 MB.

Unloading 33 unused Assets to reduce memory usage. Loaded Objects now: 2529.
Total: 1.812200 ms (FindLiveObjects: 0.134600 ms CreateObjectMapping: 0.055600 ms MarkObjects: 1.522700 ms  DeleteObjects: 0.098400 ms)

========================================================================
Received Import Request.
  path: Assets/ArtAssets/Backgrounds/Medcenter.png
  artifactKey: Guid(50ed095159f26444e937a0cfca0c5467) Importer(815301076,1909f56bfc062723c751e8b465ee728b)
Start importing Assets/ArtAssets/Backgrounds/Medcenter.png using Guid(50ed095159f26444e937a0cfca0c5467) Importer(815301076,1909f56bfc062723c751e8b465ee728b)  -> (artifact id: '2c43a4ebaf79b428eb36899984e8a838') in 0.085288 seconds
  Import took 0.087743 seconds .

========================================================================
Received Import Request.
  Time since last request: 9.567371 seconds.
  path: Assets/ArtAssets/Backgrounds/Medcenter.png
  artifactKey: Guid(50ed095159f26444e937a0cfca0c5467) Importer(815301076,1909f56bfc062723c751e8b465ee728b)
Start importing Assets/ArtAssets/Backgrounds/Medcenter.png using Guid(50ed095159f26444e937a0cfca0c5467) Importer(815301076,1909f56bfc062723c751e8b465ee728b)  -> (artifact id: 'c19326d21b0ed03666aa3af83f04c3a1') in 0.007180 seconds
  Import took 0.009804 seconds .

========================================================================
Received Prepare
Registering precompiled user dll's ...
Registered in 0.004257 seconds.
Begin MonoManager ReloadAssembly
Native extension for WindowsStandalone target not found
Refreshing native plugins compatible for Editor in 0.47 ms, found 3 plugins.
Preloading 0 native plugins for Editor in 0.00 ms.
Mono: successfully reloaded assembly
- Completed reload, in  0.801 seconds
Platform modules already initialized, skipping
Refreshing native plugins compatible for Editor in 0.37 ms, found 3 plugins.
Preloading 0 native plugins for Editor in 0.00 ms.
Unloading 2088 Unused Serialized files (Serialized files now loaded: 0)
System memory in use before: 96.2 MB.
System memory in use after: 96.2 MB.

Unloading 21 unused Assets to reduce memory usage. Loaded Objects now: 2539.
Total: 1.735000 ms (FindLiveObjects: 0.144100 ms CreateObjectMapping: 0.062300 ms MarkObjects: 1.450300 ms  DeleteObjects: 0.077500 ms)

========================================================================
Received Prepare
Registering precompiled user dll's ...
Registered in 0.004065 seconds.
Begin MonoManager ReloadAssembly
Native extension for WindowsStandalone target not found
Refreshing native plugins compatible for Editor in 0.37 ms, found 3 plugins.
Preloading 0 native plugins for Editor in 0.00 ms.
Mono: successfully reloaded assembly
- Completed reload, in  0.797 seconds
Platform modules already initialized, skipping
Refreshing native plugins compatible for Editor in 0.42 ms, found 3 plugins.
Preloading 0 native plugins for Editor in 0.00 ms.
Unloading 2088 Unused Serialized files (Serialized files now loaded: 0)
System memory in use before: 96.3 MB.
System memory in use after: 96.2 MB.

Unloading 21 unused Assets to reduce memory usage. Loaded Objects now: 2543.
Total: 1.963300 ms (FindLiveObjects: 0.154000 ms CreateObjectMapping: 0.082100 ms MarkObjects: 1.643200 ms  DeleteObjects: 0.083000 ms)

========================================================================
Received Prepare
Registering precompiled user dll's ...
Registered in 0.004067 seconds.
Begin MonoManager ReloadAssembly
Native extension for WindowsStandalone target not found
Refreshing native plugins compatible for Editor in 0.37 ms, found 3 plugins.
Preloading 0 native plugins for Editor in 0.00 ms.
Mono: successfully reloaded assembly
- Completed reload, in  0.805 seconds
Platform modules already initialized, skipping
Refreshing native plugins compatible for Editor in 0.36 ms, found 3 plugins.
Preloading 0 native plugins for Editor in 0.00 ms.
Unloading 2088 Unused Serialized files (Serialized files now loaded: 0)
System memory in use before: 96.3 MB.
System memory in use after: 96.3 MB.

Unloading 21 unused Assets to reduce memory usage. Loaded Objects now: 2547.
Total: 1.684000 ms (FindLiveObjects: 0.143800 ms CreateObjectMapping: 0.060500 ms MarkObjects: 1.399300 ms  DeleteObjects: 0.079600 ms)

========================================================================
Received Import Request.
  Time since last request: 226.075179 seconds.
  path: Assets/Scenes/BadPath/RefCenter1.unity
  artifactKey: Guid(5221c211db4d16f45a5b2009af25ffcb) Importer(815301076,1909f56bfc062723c751e8b465ee728b)
Start importing Assets/Scenes/BadPath/RefCenter1.unity using Guid(5221c211db4d16f45a5b2009af25ffcb) Importer(815301076,1909f56bfc062723c751e8b465ee728b)  -> (artifact id: 'e6ce70328ea666c63344b08a45c8785e') in 0.009670 seconds
  Import took 0.012239 seconds .

========================================================================
Received Import Request.
  Time since last request: 22.466606 seconds.
  path: Assets/Scenes/BadPath/RefugeeArea1.unity
  artifactKey: Guid(675037fca5c9e5148aa7159ee3323b41) Importer(815301076,1909f56bfc062723c751e8b465ee728b)
Start importing Assets/Scenes/BadPath/RefugeeArea1.unity using Guid(675037fca5c9e5148aa7159ee3323b41) Importer(815301076,1909f56bfc062723c751e8b465ee728b)  -> (artifact id: '62b05efa7232663a4e99aebbf1cd5efe') in 0.002081 seconds
  Import took 0.004593 seconds .

========================================================================
Received Import Request.
  Time since last request: 63.547353 seconds.
  path: Assets/Scenes/BadPath/MedicalArea1.unity
  artifactKey: Guid(6e8dcf699d6c9f341a45dbbef33bc9e5) Importer(815301076,1909f56bfc062723c751e8b465ee728b)
Start importing Assets/Scenes/BadPath/MedicalArea1.unity using Guid(6e8dcf699d6c9f341a45dbbef33bc9e5) Importer(815301076,1909f56bfc062723c751e8b465ee728b)  -> (artifact id: '108c15cdec5827c77e81405387997b57') in 0.002091 seconds
  Import took 0.004602 seconds .

========================================================================
Received Import Request.
  Time since last request: 56.196915 seconds.
  path: Assets/Scenes/BadPath/SneakUp1.unity
  artifactKey: Guid(58cb8c82479985e42813347e2555c37f) Importer(815301076,1909f56bfc062723c751e8b465ee728b)
Start importing Assets/Scenes/BadPath/SneakUp1.unity using Guid(58cb8c82479985e42813347e2555c37f) Importer(815301076,1909f56bfc062723c751e8b465ee728b)  -> (artifact id: 'd2e1beceff9c6c170850de2f0ba6f14e') in 0.001919 seconds
  Import took 0.004440 seconds .

========================================================================
Received Import Request.
  Time since last request: 17.954650 seconds.
  path: Assets/Scenes/BadPath/PointGun1.unity
  artifactKey: Guid(63bd1d6771be7df489f2558f92c6d419) Importer(815301076,1909f56bfc062723c751e8b465ee728b)
Start importing Assets/Scenes/BadPath/PointGun1.unity using Guid(63bd1d6771be7df489f2558f92c6d419) Importer(815301076,1909f56bfc062723c751e8b465ee728b)  -> (artifact id: '94c90dd450b4bdd235edd3cec24f359e') in 0.002071 seconds
  Import took 0.004560 seconds .

========================================================================
Received Import Request.
  Time since last request: 38.990771 seconds.
  path: Assets/Scenes/GoodPath/TheAntHill2.unity
  artifactKey: Guid(038c656090f7c344ca91e2ed043e69af) Importer(815301076,1909f56bfc062723c751e8b465ee728b)
Start importing Assets/Scenes/GoodPath/TheAntHill2.unity using Guid(038c656090f7c344ca91e2ed043e69af) Importer(815301076,1909f56bfc062723c751e8b465ee728b)  -> (artifact id: 'a90c7428d46c440653596c7777b350eb') in 0.002116 seconds
  Import took 0.004992 seconds .

========================================================================
Received Import Request.
  Time since last request: 0.000620 seconds.
  path: Assets/Scenes/GoodPath/TheAntHill2.unity
  artifactKey: Guid(038c656090f7c344ca91e2ed043e69af) Importer(815301076,1909f56bfc062723c751e8b465ee728b)
Start importing Assets/Scenes/GoodPath/TheAntHill2.unity using Guid(038c656090f7c344ca91e2ed043e69af) Importer(815301076,1909f56bfc062723c751e8b465ee728b)  -> (artifact id: 'a90c7428d46c440653596c7777b350eb') in 0.001750 seconds
  Import took 0.004286 seconds .

========================================================================
Received Import Request.
  Time since last request: 5.332876 seconds.
  path: Assets/Scenes/GoodPath/StayAtThe2.unity
  artifactKey: Guid(1a4310de4e46ac84fa345f1baabf0418) Importer(815301076,1909f56bfc062723c751e8b465ee728b)
Start importing Assets/Scenes/GoodPath/StayAtThe2.unity using Guid(1a4310de4e46ac84fa345f1baabf0418) Importer(815301076,1909f56bfc062723c751e8b465ee728b)  -> (artifact id: 'bf220c4c0ebaf4be9fe7c463080a6b19') in 0.001994 seconds
  Import took 0.004556 seconds .

========================================================================
Received Import Request.
  Time since last request: 5.575749 seconds.
  path: Assets/Scenes/GoodPath/SneakUp2.unity
  artifactKey: Guid(fea51e0c17270434298ef64f14a51d6a) Importer(815301076,1909f56bfc062723c751e8b465ee728b)
Start importing Assets/Scenes/GoodPath/SneakUp2.unity using Guid(fea51e0c17270434298ef64f14a51d6a) Importer(815301076,1909f56bfc062723c751e8b465ee728b)  -> (artifact id: '640de5a3f95ce5a280ad45ab3a02f295') in 0.002211 seconds
  Import took 0.004810 seconds .

========================================================================
Received Import Request.
  Time since last request: 16.188982 seconds.
  path: Assets/Scenes/GoodPath/RefCenter2.unity
  artifactKey: Guid(7922f36ba382b834da61adc28104df96) Importer(815301076,1909f56bfc062723c751e8b465ee728b)
Start importing Assets/Scenes/GoodPath/RefCenter2.unity using Guid(7922f36ba382b834da61adc28104df96) Importer(815301076,1909f56bfc062723c751e8b465ee728b)  -> (artifact id: '478819630ea38f7aac1ab766a3f50c04') in 0.002062 seconds
  Import took 0.004612 seconds .

========================================================================
Received Prepare
Registering precompiled user dll's ...
Registered in 0.004063 seconds.
Begin MonoManager ReloadAssembly
Native extension for WindowsStandalone target not found
Refreshing native plugins compatible for Editor in 0.38 ms, found 3 plugins.
Preloading 0 native plugins for Editor in 0.00 ms.
Mono: successfully reloaded assembly
- Completed reload, in  0.811 seconds
Platform modules already initialized, skipping
Refreshing native plugins compatible for Editor in 0.38 ms, found 3 plugins.
Preloading 0 native plugins for Editor in 0.00 ms.
Unloading 2088 Unused Serialized files (Serialized files now loaded: 0)
System memory in use before: 96.4 MB.
System memory in use after: 96.3 MB.

Unloading 21 unused Assets to reduce memory usage. Loaded Objects now: 2551.
Total: 2.014400 ms (FindLiveObjects: 0.139800 ms CreateObjectMapping: 0.055300 ms MarkObjects: 1.732400 ms  DeleteObjects: 0.086200 ms)

========================================================================
Received Prepare
Registering precompiled user dll's ...
Registered in 0.004079 seconds.
Begin MonoManager ReloadAssembly
Native extension for WindowsStandalone target not found
Refreshing native plugins compatible for Editor in 0.39 ms, found 3 plugins.
Preloading 0 native plugins for Editor in 0.00 ms.
Mono: successfully reloaded assembly
- Completed reload, in  0.801 seconds
Platform modules already initialized, skipping
Refreshing native plugins compatible for Editor in 0.40 ms, found 3 plugins.
Preloading 0 native plugins for Editor in 0.00 ms.
Unloading 2088 Unused Serialized files (Serialized files now loaded: 0)
System memory in use before: 96.4 MB.
System memory in use after: 96.4 MB.

Unloading 21 unused Assets to reduce memory usage. Loaded Objects now: 2555.
Total: 1.619000 ms (FindLiveObjects: 0.141900 ms CreateObjectMapping: 0.057400 ms MarkObjects: 1.338100 ms  DeleteObjects: 0.081000 ms)

========================================================================
Received Import Request.
  Time since last request: 97.935988 seconds.
  path: Assets/Scenes/BadPath/Beeps1.unity
  artifactKey: Guid(9a98493fe828ecd4a94ce970e713213e) Importer(815301076,1909f56bfc062723c751e8b465ee728b)
Start importing Assets/Scenes/BadPath/Beeps1.unity using Guid(9a98493fe828ecd4a94ce970e713213e) Importer(815301076,1909f56bfc062723c751e8b465ee728b)  -> (artifact id: '5edc3b024ea1f4c2a68c4ae82a69520d') in 0.008959 seconds
  Import took 0.011538 seconds .

========================================================================
Received Import Request.
  Time since last request: 21.770119 seconds.
  path: Assets/Scenes/BadPath/StayAtThe1.unity
  artifactKey: Guid(361230d36f5baa34db88c34fa965eb87) Importer(815301076,1909f56bfc062723c751e8b465ee728b)
Start importing Assets/Scenes/BadPath/StayAtThe1.unity using Guid(361230d36f5baa34db88c34fa965eb87) Importer(815301076,1909f56bfc062723c751e8b465ee728b)  -> (artifact id: '1137333945e85e4e6140861a6259bacb') in 0.001945 seconds
  Import took 0.004731 seconds .

========================================================================
Received Import Request.
  Time since last request: 92.068214 seconds.
  path: Assets/Scenes/GoodPath/MedicalArea2.unity
  artifactKey: Guid(0aa670162de6ad64aa1bf38423393a13) Importer(815301076,1909f56bfc062723c751e8b465ee728b)
Start importing Assets/Scenes/GoodPath/MedicalArea2.unity using Guid(0aa670162de6ad64aa1bf38423393a13) Importer(815301076,1909f56bfc062723c751e8b465ee728b)  -> (artifact id: '268180a6dc711620096732338fc95586') in 0.002097 seconds
  Import took 0.004880 seconds .

========================================================================
Received Import Request.
  Time since last request: 44.454852 seconds.
  path: Assets/Scenes/GoodPath/Beeps2.unity
  artifactKey: Guid(61e2ee5907ed1284ebdf5cba6c773dbb) Importer(815301076,1909f56bfc062723c751e8b465ee728b)
Start importing Assets/Scenes/GoodPath/Beeps2.unity using Guid(61e2ee5907ed1284ebdf5cba6c773dbb) Importer(815301076,1909f56bfc062723c751e8b465ee728b)  -> (artifact id: '16f57ffb48577738a01a345d075b8795') in 0.002121 seconds
  Import took 0.004792 seconds .

========================================================================
Received Import Request.
  Time since last request: 0.001080 seconds.
  path: Assets/Scenes/GoodPath/Beeps2.unity
  artifactKey: Guid(61e2ee5907ed1284ebdf5cba6c773dbb) Importer(815301076,1909f56bfc062723c751e8b465ee728b)
Start importing Assets/Scenes/GoodPath/Beeps2.unity using Guid(61e2ee5907ed1284ebdf5cba6c773dbb) Importer(815301076,1909f56bfc062723c751e8b465ee728b)  -> (artifact id: '16f57ffb48577738a01a345d075b8795') in 0.001629 seconds
  Import took 0.004072 seconds .

========================================================================
Received Prepare
Registering precompiled user dll's ...
Registered in 0.004639 seconds.
Begin MonoManager ReloadAssembly
Native extension for WindowsStandalone target not found
Refreshing native plugins compatible for Editor in 0.38 ms, found 3 plugins.
Preloading 0 native plugins for Editor in 0.00 ms.
Mono: successfully reloaded assembly
- Completed reload, in  0.891 seconds
Platform modules already initialized, skipping
Refreshing native plugins compatible for Editor in 0.43 ms, found 3 plugins.
Preloading 0 native plugins for Editor in 0.00 ms.
Unloading 2088 Unused Serialized files (Serialized files now loaded: 0)
System memory in use before: 96.4 MB.
System memory in use after: 96.4 MB.

Unloading 21 unused Assets to reduce memory usage. Loaded Objects now: 2559.
Total: 1.900700 ms (FindLiveObjects: 0.156200 ms CreateObjectMapping: 0.067700 ms MarkObjects: 1.583400 ms  DeleteObjects: 0.092700 ms)

========================================================================
Received Import Request.
  Time since last request: 26.663727 seconds.
  path: Assets/Scenes/GoodPath/Beeps2.unity
  artifactKey: Guid(61e2ee5907ed1284ebdf5cba6c773dbb) Importer(815301076,1909f56bfc062723c751e8b465ee728b)
Start importing Assets/Scenes/GoodPath/Beeps2.unity using Guid(61e2ee5907ed1284ebdf5cba6c773dbb) Importer(815301076,1909f56bfc062723c751e8b465ee728b)  -> (artifact id: 'a65da653fdcff88d8cddec2f9ea3b13a') in 0.008084 seconds
  Import took 0.010831 seconds .

========================================================================
Received Prepare
Registering precompiled user dll's ...
Registered in 0.004661 seconds.
Begin MonoManager ReloadAssembly
Native extension for WindowsStandalone target not found
Refreshing native plugins compatible for Editor in 0.49 ms, found 3 plugins.
Preloading 0 native plugins for Editor in 0.00 ms.
Mono: successfully reloaded assembly
- Completed reload, in  0.915 seconds
Platform modules already initialized, skipping
Refreshing native plugins compatible for Editor in 0.42 ms, found 3 plugins.
Preloading 0 native plugins for Editor in 0.00 ms.
Unloading 2088 Unused Serialized files (Serialized files now loaded: 0)
System memory in use before: 96.4 MB.
System memory in use after: 96.4 MB.

Unloading 21 unused Assets to reduce memory usage. Loaded Objects now: 2563.
Total: 1.799900 ms (FindLiveObjects: 0.151400 ms CreateObjectMapping: 0.063000 ms MarkObjects: 1.500900 ms  DeleteObjects: 0.083400 ms)

========================================================================
Received Prepare
Registering precompiled user dll's ...
Registered in 0.004136 seconds.
Begin MonoManager ReloadAssembly
Native extension for WindowsStandalone target not found
Refreshing native plugins compatible for Editor in 0.37 ms, found 3 plugins.
Preloading 0 native plugins for Editor in 0.00 ms.
Mono: successfully reloaded assembly
- Completed reload, in  0.795 seconds
Platform modules already initialized, skipping
Refreshing native plugins compatible for Editor in 0.37 ms, found 3 plugins.
Preloading 0 native plugins for Editor in 0.00 ms.
Unloading 2088 Unused Serialized files (Serialized files now loaded: 0)
System memory in use before: 96.4 MB.
System memory in use after: 96.4 MB.

Unloading 21 unused Assets to reduce memory usage. Loaded Objects now: 2567.
Total: 1.680800 ms (FindLiveObjects: 0.143900 ms CreateObjectMapping: 0.061600 ms MarkObjects: 1.396200 ms  DeleteObjects: 0.078300 ms)

========================================================================
Received Import Request.
  Time since last request: 308.521789 seconds.
  path: Assets/Scenes/BadPath/GrabGun.ogg
  artifactKey: Guid(dd18cff0a2356c340a79d550ddc49a45) Importer(815301076,1909f56bfc062723c751e8b465ee728b)
Start importing Assets/Scenes/BadPath/GrabGun.ogg using Guid(dd18cff0a2356c340a79d550ddc49a45) Importer(815301076,1909f56bfc062723c751e8b465ee728b)  -> (artifact id: 'd3ebeaccdb5cd1ec64428dd8f0ac3754') in 0.071301 seconds
  Import took 0.074501 seconds .

========================================================================
Received Import Request.
  Time since last request: 354.805609 seconds.
  path: Assets/Sounds/Talking/Spy.ogg
  artifactKey: Guid(348a96e22351da747abe2954e47af24c) Importer(815301076,1909f56bfc062723c751e8b465ee728b)
Start importing Assets/Sounds/Talking/Spy.ogg using Guid(348a96e22351da747abe2954e47af24c) Importer(815301076,1909f56bfc062723c751e8b465ee728b)  -> (artifact id: 'af4f31c40fbe22813498f28719eb1e8f') in 0.007782 seconds
  Import took 0.011119 seconds .

========================================================================
Received Import Request.
  Time since last request: 337.840777 seconds.
  path: Assets/Scenes/BadPath/TakeTheSpy1.unity
  artifactKey: Guid(144e5732c7fab6a4485e9ae5f1d7d986) Importer(815301076,1909f56bfc062723c751e8b465ee728b)
Start importing Assets/Scenes/BadPath/TakeTheSpy1.unity using Guid(144e5732c7fab6a4485e9ae5f1d7d986) Importer(815301076,1909f56bfc062723c751e8b465ee728b)  -> (artifact id: 'd5962622253954b1e89a82ff33cc0796') in 0.002154 seconds
  Import took 0.005583 seconds .

========================================================================
Received Import Request.
  Time since last request: 3.575036 seconds.
  path: Assets/Scenes/BadPath/TakeTheSpy.unity
  artifactKey: Guid(144e5732c7fab6a4485e9ae5f1d7d986) Importer(815301076,1909f56bfc062723c751e8b465ee728b)
Start importing Assets/Scenes/BadPath/TakeTheSpy.unity using Guid(144e5732c7fab6a4485e9ae5f1d7d986) Importer(815301076,1909f56bfc062723c751e8b465ee728b)  -> (artifact id: 'e1df1193fce7e2c78ef1f4f9401513ea') in 0.001816 seconds
  Import took 0.004640 seconds .

========================================================================
Received Import Request.
  Time since last request: 2.882847 seconds.
  path: Assets/Scenes/BadPath/PointGun1.unity
  artifactKey: Guid(63bd1d6771be7df489f2558f92c6d419) Importer(815301076,1909f56bfc062723c751e8b465ee728b)
Start importing Assets/Scenes/BadPath/PointGun1.unity using Guid(63bd1d6771be7df489f2558f92c6d419) Importer(815301076,1909f56bfc062723c751e8b465ee728b)  -> (artifact id: 'da3c32a6215a1418a16e79088338a515') in 0.001784 seconds
  Import took 0.004699 seconds .

========================================================================
Received Prepare
Registering precompiled user dll's ...
Registered in 0.004057 seconds.
Begin MonoManager ReloadAssembly
Native extension for WindowsStandalone target not found
Refreshing native plugins compatible for Editor in 0.40 ms, found 3 plugins.
Preloading 0 native plugins for Editor in 0.00 ms.
Mono: successfully reloaded assembly
- Completed reload, in  0.803 seconds
Platform modules already initialized, skipping
Refreshing native plugins compatible for Editor in 0.38 ms, found 3 plugins.
Preloading 0 native plugins for Editor in 0.00 ms.
Unloading 2088 Unused Serialized files (Serialized files now loaded: 0)
System memory in use before: 96.5 MB.
System memory in use after: 96.5 MB.

Unloading 21 unused Assets to reduce memory usage. Loaded Objects now: 2578.
Total: 1.913500 ms (FindLiveObjects: 0.149500 ms CreateObjectMapping: 0.063200 ms MarkObjects: 1.615800 ms  DeleteObjects: 0.084200 ms)

========================================================================
Received Prepare
Registering precompiled user dll's ...
Registered in 0.004201 seconds.
Begin MonoManager ReloadAssembly
Native extension for WindowsStandalone target not found
Refreshing native plugins compatible for Editor in 0.37 ms, found 3 plugins.
Preloading 0 native plugins for Editor in 0.00 ms.
Mono: successfully reloaded assembly
- Completed reload, in  0.845 seconds
Platform modules already initialized, skipping
Refreshing native plugins compatible for Editor in 0.39 ms, found 3 plugins.
Preloading 0 native plugins for Editor in 0.00 ms.
Unloading 2088 Unused Serialized files (Serialized files now loaded: 0)
System memory in use before: 96.5 MB.
System memory in use after: 96.5 MB.

Unloading 21 unused Assets to reduce memory usage. Loaded Objects now: 2582.
Total: 2.225700 ms (FindLiveObjects: 0.220900 ms CreateObjectMapping: 0.132200 ms MarkObjects: 1.781300 ms  DeleteObjects: 0.090200 ms)

